\BOOKMARK [1][-]{section.1}{Introduction}{}% 1
\BOOKMARK [2][-]{subsection.1.1}{Objectifs}{section.1}% 2
\BOOKMARK [2][-]{subsection.1.2}{Organisation}{section.1}% 3
\BOOKMARK [1][-]{section.2}{R\040et\040RStudio\040:\040les\040bases}{}% 4
\BOOKMARK [2][-]{subsection.2.1}{Que\040sont\040R\040et\040RStudio}{section.2}% 5
\BOOKMARK [2][-]{subsection.2.2}{Comment exécuter du code R ?}{section.2}% 6
\BOOKMARK [2][-]{subsection.2.3}{Les\040packages\040additionels}{section.2}% 7
\BOOKMARK [2][-]{subsection.2.4}{Exercices}{section.2}% 8
\BOOKMARK [1][-]{section.3}{Explorez votre premier jeu de données}{}% 9
\BOOKMARK [2][-]{subsection.3.1}{Le\040package\040nycflights13}{section.3}% 10
\BOOKMARK [2][-]{subsection.3.2}{Le\040data\040frame\040flights}{section.3}% 11
\BOOKMARK [2][-]{subsection.3.3}{Explorer\040un\040data.frame}{section.3}% 12
\BOOKMARK [2][-]{subsection.3.4}{Exercices}{section.3}% 13
\BOOKMARK [1][-]{section.4}{Visualiser des données avec ggplot2}{}% 14
\BOOKMARK [2][-]{subsection.4.1}{Prérequis}{section.4}% 15
\BOOKMARK [2][-]{subsection.4.2}{La\040grammaire\040des\040graphiques}{section.4}% 16
\BOOKMARK [2][-]{subsection.4.3}{Les\040nuages\040de\040points}{section.4}% 17
\BOOKMARK [2][-]{subsection.4.4}{Les\040graphiques\040en\040lignes}{section.4}% 18
\BOOKMARK [2][-]{subsection.4.5}{Les\040histogrammes}{section.4}% 19
\BOOKMARK [2][-]{subsection.4.6}{Les\040facets}{section.4}% 20
\BOOKMARK [2][-]{subsection.4.7}{Les boîtes à moustaches ou boxplots}{section.4}% 21
\BOOKMARK [2][-]{subsection.4.8}{Les diagrammes bâtons}{section.4}% 22
\BOOKMARK [2][-]{subsection.4.9}{De l'exploration à l'exposition}{section.4}% 23
\BOOKMARK [2][-]{subsection.4.10}{Exercices}{section.4}% 24
\BOOKMARK [1][-]{section.5}{\(Ar\)ranger des données avec tidyr}{}% 25
\BOOKMARK [2][-]{subsection.5.1}{Prérequis}{section.5}% 26
\BOOKMARK [2][-]{subsection.5.2}{C'est\040quoi\040des\040``tidy\040data''\040?}{section.5}% 27
\BOOKMARK [2][-]{subsection.5.3}{Importer des données depuis un tableur}{section.5}% 28
\BOOKMARK [1][-]{section.6}{Tripatouiller les données avec dplyr}{}% 29
\BOOKMARK [2][-]{subsection.6.1}{Pré-requis}{section.6}% 30
\BOOKMARK [2][-]{subsection.6.2}{Le\040pipe\040\045>\045}{section.6}% 31
\BOOKMARK [2][-]{subsection.6.3}{Les verbes du tripatouillage de données}{section.6}% 32
\BOOKMARK [2][-]{subsection.6.4}{Filtrer\040des\040lignes\040avec\040filter\(\)}{section.6}% 33
\BOOKMARK [2][-]{subsection.6.5}{Créer des résumés avec summarise\(\) et group_by\(\)}{section.6}% 34
\BOOKMARK [2][-]{subsection.6.6}{Sélectionner des variables avec select\(\)}{section.6}% 35
\BOOKMARK [2][-]{subsection.6.7}{Créer de nouvelles variables avec mutate\(\)}{section.6}% 36
\BOOKMARK [2][-]{subsection.6.8}{Trier\040des\040lignes\040avec\040arrange\(\)}{section.6}% 37
\BOOKMARK [2][-]{subsection.6.9}{Associer\040plusieurs\040tableaux\040avec\040left_join\(\)\040et\040inner_join\(\)}{section.6}% 38
\BOOKMARK [2][-]{subsection.6.10}{Exercices}{section.6}% 39
