This is XeTeX, Version 3.14159265-2.6-0.999992 (TeX Live 2020) (preloaded format=xelatex 2020.5.6)  24 JUN 2021 12:56
entering extended mode
 restricted \write18 enabled.
 %&-line parsing enabled.
**Data-Analysis.tex
(./Data-Analysis.tex
LaTeX2e <2020-02-02> patch level 5
L3 programming layer <2020-03-06> (/usr/local/texlive/2020/texmf-dist/tex/latex
/base/article.cls
Document Class: article 2019/12/20 v1.4l Standard LaTeX document class
(/usr/local/texlive/2020/texmf-dist/tex/latex/base/size10.clo
File: size10.clo 2019/12/20 v1.4l Standard LaTeX file (size option)
)
\c@part=\count163
\c@section=\count164
\c@subsection=\count165
\c@subsubsection=\count166
\c@paragraph=\count167
\c@subparagraph=\count168
\c@figure=\count169
\c@table=\count170
\abovecaptionskip=\skip47
\belowcaptionskip=\skip48
\bibindent=\dimen134
) (/usr/local/texlive/2020/texmf-dist/tex/latex/lm/lmodern.sty
Package: lmodern 2009/10/30 v1.6 Latin Modern Fonts
LaTeX Font Info:    Overwriting symbol font `operators' in version `normal'
(Font)                  OT1/cmr/m/n --> OT1/lmr/m/n on input line 22.
LaTeX Font Info:    Overwriting symbol font `letters' in version `normal'
(Font)                  OML/cmm/m/it --> OML/lmm/m/it on input line 23.
LaTeX Font Info:    Overwriting symbol font `symbols' in version `normal'
(Font)                  OMS/cmsy/m/n --> OMS/lmsy/m/n on input line 24.
LaTeX Font Info:    Overwriting symbol font `largesymbols' in version `normal'
(Font)                  OMX/cmex/m/n --> OMX/lmex/m/n on input line 25.
LaTeX Font Info:    Overwriting symbol font `operators' in version `bold'
(Font)                  OT1/cmr/bx/n --> OT1/lmr/bx/n on input line 26.
LaTeX Font Info:    Overwriting symbol font `letters' in version `bold'
(Font)                  OML/cmm/b/it --> OML/lmm/b/it on input line 27.
LaTeX Font Info:    Overwriting symbol font `symbols' in version `bold'
(Font)                  OMS/cmsy/b/n --> OMS/lmsy/b/n on input line 28.
LaTeX Font Info:    Overwriting symbol font `largesymbols' in version `bold'
(Font)                  OMX/cmex/m/n --> OMX/lmex/m/n on input line 29.
LaTeX Font Info:    Overwriting math alphabet `\mathbf' in version `normal'
(Font)                  OT1/cmr/bx/n --> OT1/lmr/bx/n on input line 31.
LaTeX Font Info:    Overwriting math alphabet `\mathsf' in version `normal'
(Font)                  OT1/cmss/m/n --> OT1/lmss/m/n on input line 32.
LaTeX Font Info:    Overwriting math alphabet `\mathit' in version `normal'
(Font)                  OT1/cmr/m/it --> OT1/lmr/m/it on input line 33.
LaTeX Font Info:    Overwriting math alphabet `\mathtt' in version `normal'
(Font)                  OT1/cmtt/m/n --> OT1/lmtt/m/n on input line 34.
LaTeX Font Info:    Overwriting math alphabet `\mathbf' in version `bold'
(Font)                  OT1/cmr/bx/n --> OT1/lmr/bx/n on input line 35.
LaTeX Font Info:    Overwriting math alphabet `\mathsf' in version `bold'
(Font)                  OT1/cmss/bx/n --> OT1/lmss/bx/n on input line 36.
LaTeX Font Info:    Overwriting math alphabet `\mathit' in version `bold'
(Font)                  OT1/cmr/bx/it --> OT1/lmr/bx/it on input line 37.
LaTeX Font Info:    Overwriting math alphabet `\mathtt' in version `bold'
(Font)                  OT1/cmtt/m/n --> OT1/lmtt/m/n on input line 38.
) (/usr/local/texlive/2020/texmf-dist/tex/latex/amsmath/amsmath.sty
Package: amsmath 2020/01/20 v2.17e AMS math features
\@mathmargin=\skip49
For additional information on amsmath, use the `?' option.
(/usr/local/texlive/2020/texmf-dist/tex/latex/amsmath/amstext.sty
Package: amstext 2000/06/29 v2.01 AMS text
(/usr/local/texlive/2020/texmf-dist/tex/latex/amsmath/amsgen.sty
File: amsgen.sty 1999/11/30 v2.0 generic functions
\@emptytoks=\toks15
\ex@=\dimen135
)) (/usr/local/texlive/2020/texmf-dist/tex/latex/amsmath/amsbsy.sty
Package: amsbsy 1999/11/29 v1.2d Bold Symbols
\pmbraise@=\dimen136
) (/usr/local/texlive/2020/texmf-dist/tex/latex/amsmath/amsopn.sty
Package: amsopn 2016/03/08 v2.02 operator names
)
\inf@bad=\count171
LaTeX Info: Redefining \frac on input line 227.
\uproot@=\count172
\leftroot@=\count173
LaTeX Info: Redefining \overline on input line 389.
\classnum@=\count174
\DOTSCASE@=\count175
LaTeX Info: Redefining \ldots on input line 486.
LaTeX Info: Redefining \dots on input line 489.
LaTeX Info: Redefining \cdots on input line 610.
\Mathstrutbox@=\box45
\strutbox@=\box46
\big@size=\dimen137
LaTeX Font Info:    Redeclaring font encoding OML on input line 733.
LaTeX Font Info:    Redeclaring font encoding OMS on input line 734.
\macc@depth=\count176
\c@MaxMatrixCols=\count177
\dotsspace@=\muskip16
\c@parentequation=\count178
\dspbrk@lvl=\count179
\tag@help=\toks16
\row@=\count180
\column@=\count181
\maxfields@=\count182
\andhelp@=\toks17
\eqnshift@=\dimen138
\alignsep@=\dimen139
\tagshift@=\dimen140
\tagwidth@=\dimen141
\totwidth@=\dimen142
\lineht@=\dimen143
\@envbody=\toks18
\multlinegap=\skip50
\multlinetaggap=\skip51
\mathdisplay@stack=\toks19
LaTeX Info: Redefining \[ on input line 2859.
LaTeX Info: Redefining \] on input line 2860.
) (/usr/local/texlive/2020/texmf-dist/tex/generic/iftex/ifxetex.sty
Package: ifxetex 2019/10/25 v0.7 ifxetex legacy package. Use iftex instead.
(/usr/local/texlive/2020/texmf-dist/tex/generic/iftex/iftex.sty
Package: iftex 2020/03/06 v1.0d TeX engine tests
)) (/usr/local/texlive/2020/texmf-dist/tex/generic/iftex/ifluatex.sty
Package: ifluatex 2019/10/25 v1.5 ifluatex legacy package. Use iftex instead.
) (/usr/local/texlive/2020/texmf-dist/tex/latex/unicode-math/unicode-math.sty (
/usr/local/texlive/2020/texmf-dist/tex/latex/l3kernel/expl3.sty
Package: expl3 2020-03-06 L3 programming layer (loader) 

(/usr/local/texlive/2020/texmf-dist/tex/latex/l3backend/l3backend-xdvipdfmx.def
File: l3backend-xdvipdfmx.def 2020-03-12 L3 backend support: xdvipdfmx
\g__graphics_track_int=\count183
\l__pdf_internal_box=\box47
\g__pdf_backend_object_int=\count184
\g__pdf_backend_annotation_int=\count185
))
Package: unicode-math 2020/01/31 v0.8q Unicode maths in XeLaTeX and LuaLaTeX

(/usr/local/texlive/2020/texmf-dist/tex/latex/unicode-math/unicode-math-xetex.s
ty
Package: unicode-math-xetex 2020/01/31 v0.8q Unicode maths in XeLaTeX and LuaLa
TeX
(/usr/local/texlive/2020/texmf-dist/tex/latex/l3packages/xparse/xparse.sty
Package: xparse 2020-03-06 L3 Experimental document command parser
\l__xparse_current_arg_int=\count186
\g__xparse_grabber_int=\count187
\l__xparse_m_args_int=\count188
\l__xparse_v_nesting_int=\count189
) (/usr/local/texlive/2020/texmf-dist/tex/latex/l3packages/l3keys2e/l3keys2e.st
y
Package: l3keys2e 2020-03-06 LaTeX2e option processing using LaTeX3 keys
) (/usr/local/texlive/2020/texmf-dist/tex/latex/fontspec/fontspec.sty
Package: fontspec 2020/02/21 v2.7i Font selection for XeLaTeX and LuaLaTeX
(/usr/local/texlive/2020/texmf-dist/tex/latex/fontspec/fontspec-xetex.sty
Package: fontspec-xetex 2020/02/21 v2.7i Font selection for XeLaTeX and LuaLaTe
X
\l__fontspec_script_int=\count190
\l__fontspec_language_int=\count191
\l__fontspec_strnum_int=\count192
\l__fontspec_tmp_int=\count193
\l__fontspec_tmpa_int=\count194
\l__fontspec_tmpb_int=\count195
\l__fontspec_tmpc_int=\count196
\l__fontspec_em_int=\count197
\l__fontspec_emdef_int=\count198
\l__fontspec_strong_int=\count199
\l__fontspec_strongdef_int=\count266
\l__fontspec_tmpa_dim=\dimen144
\l__fontspec_tmpb_dim=\dimen145
\l__fontspec_tmpc_dim=\dimen146
(/usr/local/texlive/2020/texmf-dist/tex/latex/base/fontenc.sty
Package: fontenc 2020/02/11 v2.0o Standard LaTeX package
) (/usr/local/texlive/2020/texmf-dist/tex/latex/fontspec/fontspec.cfg))) (/usr/
local/texlive/2020/texmf-dist/tex/latex/base/fix-cm.sty
Package: fix-cm 2015/01/14 v1.1t fixes to LaTeX
(/usr/local/texlive/2020/texmf-dist/tex/latex/base/ts1enc.def
File: ts1enc.def 2001/06/05 v3.0e (jk/car/fm) Standard LaTeX file
LaTeX Font Info:    Redeclaring font encoding TS1 on input line 47.
))
\g__um_fam_int=\count267
\g__um_fonts_used_int=\count268
\l__um_primecount_int=\count269
\g__um_primekern_muskip=\muskip17

(/usr/local/texlive/2020/texmf-dist/tex/latex/unicode-math/unicode-math-table.t
ex))) (/usr/local/texlive/2020/texmf-dist/tex/latex/upquote/upquote.sty
Package: upquote 2012/04/19 v1.3 upright-quote and grave-accent glyphs in verba
tim
(/usr/local/texlive/2020/texmf-dist/tex/latex/base/textcomp.sty
Package: textcomp 2020/02/02 v2.0n Standard LaTeX package
)) (/usr/local/texlive/2020/texmf-dist/tex/latex/microtype/microtype.sty
Package: microtype 2019/11/18 v2.7d Micro-typographical refinements (RS)
(/usr/local/texlive/2020/texmf-dist/tex/latex/graphics/keyval.sty
Package: keyval 2014/10/28 v1.15 key=value parser (DPC)
\KV@toks@=\toks20
)
\MT@toks=\toks21
\MT@count=\count270
LaTeX Info: Redefining \textls on input line 790.
\MT@outer@kern=\dimen147
LaTeX Info: Redefining \textmicrotypecontext on input line 1354.
\MT@listname@count=\count271
(/usr/local/texlive/2020/texmf-dist/tex/latex/microtype/microtype-xetex.def
File: microtype-xetex.def 2019/11/18 v2.7d Definitions specific to xetex (RS)
LaTeX Info: Redefining \lsstyle on input line 258.
)
Package microtype Info: Loading configuration file microtype.cfg.
(/usr/local/texlive/2020/texmf-dist/tex/latex/microtype/microtype.cfg
File: microtype.cfg 2019/11/18 v2.7d microtype main configuration file (RS)
)) (/usr/local/texlive/2020/texmf-dist/tex/latex/parskip/parskip.sty
Package: parskip 2020-01-22 v2.0d non-zero parskip adjustments
(/usr/local/texlive/2020/texmf-dist/tex/latex/kvoptions/kvoptions.sty
Package: kvoptions 2019/11/29 v3.13 Key value format for package options (HO)
(/usr/local/texlive/2020/texmf-dist/tex/generic/ltxcmds/ltxcmds.sty
Package: ltxcmds 2019/12/15 v1.24 LaTeX kernel commands for general use (HO)
) (/usr/local/texlive/2020/texmf-dist/tex/generic/kvsetkeys/kvsetkeys.sty
Package: kvsetkeys 2019/12/15 v1.18 Key value parser (HO)
)) (/usr/local/texlive/2020/texmf-dist/tex/latex/etoolbox/etoolbox.sty
Package: etoolbox 2019/09/21 v2.5h e-TeX tools for LaTeX (JAW)
\etb@tempcnta=\count272
)) (/usr/local/texlive/2020/texmf-dist/tex/latex/xcolor/xcolor.sty
Package: xcolor 2016/05/11 v2.12 LaTeX color extensions (UK)
(/usr/local/texlive/2020/texmf-dist/tex/latex/graphics-cfg/color.cfg
File: color.cfg 2016/01/02 v1.6 sample color configuration
)
Package xcolor Info: Driver file: xetex.def on input line 225.
(/usr/local/texlive/2020/texmf-dist/tex/latex/graphics-def/xetex.def
File: xetex.def 2017/06/24 v5.0h Graphics/color driver for xetex
)
Package xcolor Info: Model `cmy' substituted by `cmy0' on input line 1348.
Package xcolor Info: Model `RGB' extended on input line 1364.
Package xcolor Info: Model `HTML' substituted by `rgb' on input line 1366.
Package xcolor Info: Model `Hsb' substituted by `hsb' on input line 1367.
Package xcolor Info: Model `tHsb' substituted by `hsb' on input line 1368.
Package xcolor Info: Model `HSB' substituted by `hsb' on input line 1369.
Package xcolor Info: Model `Gray' substituted by `gray' on input line 1370.
Package xcolor Info: Model `wave' substituted by `hsb' on input line 1371.
(/usr/local/texlive/2020/texmf-dist/tex/latex/graphics/dvipsnam.def
File: dvipsnam.def 2016/06/17 v3.0m Driver-dependent file (DPC,SPQR)
) (/usr/local/texlive/2020/texmf-dist/tex/latex/xcolor/svgnam.def
File: svgnam.def 2016/05/11 v2.12 Predefined colors according to SVG 1.1 (UK)
) (/usr/local/texlive/2020/texmf-dist/tex/latex/xcolor/x11nam.def
File: x11nam.def 2016/05/11 v2.12 Predefined colors according to Unix/X11 (UK)
)) (/usr/local/texlive/2020/texmf-dist/tex/latex/xurl/xurl.sty
Package: xurl 2020/01/24 v 0.09 modify URL breaks
(/usr/local/texlive/2020/texmf-dist/tex/latex/url/url.sty
\Urlmuskip=\muskip18
Package: url 2013/09/16  ver 3.4  Verb mode for urls, etc.
)) (/usr/local/texlive/2020/texmf-dist/tex/latex/bookmark/bookmark.sty
Package: bookmark 2019/12/03 v1.28 PDF bookmarks (HO)
(/usr/local/texlive/2020/texmf-dist/tex/latex/hyperref/hyperref.sty
Package: hyperref 2020/01/14 v7.00d Hypertext links for LaTeX
(/usr/local/texlive/2020/texmf-dist/tex/latex/pdftexcmds/pdftexcmds.sty
Package: pdftexcmds 2019/11/24 v0.31 Utility functions of pdfTeX for LuaTeX (HO
)
(/usr/local/texlive/2020/texmf-dist/tex/generic/infwarerr/infwarerr.sty
Package: infwarerr 2019/12/03 v1.5 Providing info/warning/error messages (HO)
)
Package pdftexcmds Info: \pdf@primitive is available.
Package pdftexcmds Info: \pdf@ifprimitive is available.
Package pdftexcmds Info: \pdfdraftmode not found.
) (/usr/local/texlive/2020/texmf-dist/tex/generic/kvdefinekeys/kvdefinekeys.sty
Package: kvdefinekeys 2019-12-19 v1.6 Define keys (HO)
) (/usr/local/texlive/2020/texmf-dist/tex/generic/pdfescape/pdfescape.sty
Package: pdfescape 2019/12/09 v1.15 Implements pdfTeX's escape features (HO)
) (/usr/local/texlive/2020/texmf-dist/tex/latex/hycolor/hycolor.sty
Package: hycolor 2020-01-27 v1.10 Color options for hyperref/bookmark (HO)
) (/usr/local/texlive/2020/texmf-dist/tex/latex/letltxmacro/letltxmacro.sty
Package: letltxmacro 2019/12/03 v1.6 Let assignment for LaTeX macros (HO)
) (/usr/local/texlive/2020/texmf-dist/tex/latex/auxhook/auxhook.sty
Package: auxhook 2019-12-17 v1.6 Hooks for auxiliary files (HO)
)
\@linkdim=\dimen148
\Hy@linkcounter=\count273
\Hy@pagecounter=\count274
(/usr/local/texlive/2020/texmf-dist/tex/latex/hyperref/pd1enc.def
File: pd1enc.def 2020/01/14 v7.00d Hyperref: PDFDocEncoding definition (HO)
) (/usr/local/texlive/2020/texmf-dist/tex/generic/intcalc/intcalc.sty
Package: intcalc 2019/12/15 v1.3 Expandable calculations with integers (HO)
) (/usr/local/texlive/2020/texmf-dist/tex/generic/etexcmds/etexcmds.sty
Package: etexcmds 2019/12/15 v1.7 Avoid name clashes with e-TeX commands (HO)
)
\Hy@SavedSpaceFactor=\count275
Package hyperref Info: Option `unicode' set `true' on input line 4421.
(/usr/local/texlive/2020/texmf-dist/tex/latex/hyperref/puenc.def
File: puenc.def 2020/01/14 v7.00d Hyperref: PDF Unicode definition (HO)
)
Package hyperref Info: Hyper figures OFF on input line 4547.
Package hyperref Info: Link nesting OFF on input line 4552.
Package hyperref Info: Hyper index ON on input line 4555.
Package hyperref Info: Plain pages OFF on input line 4562.
Package hyperref Info: Backreferencing OFF on input line 4567.
Package hyperref Info: Implicit mode ON; LaTeX internals redefined.
Package hyperref Info: Bookmarks ON on input line 4800.
\c@Hy@tempcnt=\count276
LaTeX Info: Redefining \url on input line 5159.
\XeTeXLinkMargin=\dimen149
(/usr/local/texlive/2020/texmf-dist/tex/generic/bitset/bitset.sty
Package: bitset 2019/12/09 v1.3 Handle bit-vector datatype (HO)
(/usr/local/texlive/2020/texmf-dist/tex/generic/bigintcalc/bigintcalc.sty
Package: bigintcalc 2019/12/15 v1.5 Expandable calculations on big integers (HO
)
))
\Fld@menulength=\count277
\Field@Width=\dimen150
\Fld@charsize=\dimen151
Package hyperref Info: Hyper figures OFF on input line 6430.
Package hyperref Info: Link nesting OFF on input line 6435.
Package hyperref Info: Hyper index ON on input line 6438.
Package hyperref Info: backreferencing OFF on input line 6445.
Package hyperref Info: Link coloring OFF on input line 6450.
Package hyperref Info: Link coloring with OCG OFF on input line 6455.
Package hyperref Info: PDF/A mode OFF on input line 6460.
LaTeX Info: Redefining \ref on input line 6500.
LaTeX Info: Redefining \pageref on input line 6504.
(/usr/local/texlive/2020/texmf-dist/tex/generic/atbegshi/atbegshi.sty
Package: atbegshi 2019/12/05 v1.19 At begin shipout hook (HO)
)
\Hy@abspage=\count278
\c@Item=\count279
\c@Hfootnote=\count280
)
Package hyperref Info: Driver (autodetected): hxetex.
(/usr/local/texlive/2020/texmf-dist/tex/latex/hyperref/hxetex.def
File: hxetex.def 2020/01/14 v7.00d Hyperref driver for XeTeX
(/usr/local/texlive/2020/texmf-dist/tex/generic/stringenc/stringenc.sty
Package: stringenc 2019/11/29 v1.12 Convert strings between diff. encodings (HO
)
)
\pdfm@box=\box48
\c@Hy@AnnotLevel=\count281
\HyField@AnnotCount=\count282
\Fld@listcount=\count283
\c@bookmark@seq@number=\count284

(/usr/local/texlive/2020/texmf-dist/tex/latex/rerunfilecheck/rerunfilecheck.sty
Package: rerunfilecheck 2019/12/05 v1.9 Rerun checks for auxiliary files (HO)
(/usr/local/texlive/2020/texmf-dist/tex/latex/atveryend/atveryend.sty
Package: atveryend 2019-12-11 v1.11 Hooks at the very end of document (HO)
)
(/usr/local/texlive/2020/texmf-dist/tex/generic/uniquecounter/uniquecounter.sty
Package: uniquecounter 2019/12/15 v1.4 Provide unlimited unique counter (HO)
)
Package uniquecounter Info: New unique counter `rerunfilecheck' on input line 2
86.
)
\Hy@SectionHShift=\skip52
) (/usr/local/texlive/2020/texmf-dist/tex/latex/bookmark/bkm-dvipdfm.def
File: bkm-dvipdfm.def 2019/12/03 v1.28 bookmark driver for dvipdfm (HO)
\BKM@id=\count285
))
Package hyperref Info: Option `colorlinks' set `true' on input line 49.
(/usr/local/texlive/2020/texmf-dist/tex/latex/geometry/geometry.sty
Package: geometry 2020/01/02 v5.9 Page Geometry
(/usr/local/texlive/2020/texmf-dist/tex/generic/iftex/ifvtex.sty
Package: ifvtex 2019/10/25 v1.7 ifvtex legacy package. Use iftex instead.
)
\Gm@cnth=\count286
\Gm@cntv=\count287
\c@Gm@tempcnt=\count288
\Gm@bindingoffset=\dimen152
\Gm@wd@mp=\dimen153
\Gm@odd@mp=\dimen154
\Gm@even@mp=\dimen155
\Gm@layoutwidth=\dimen156
\Gm@layoutheight=\dimen157
\Gm@layouthoffset=\dimen158
\Gm@layoutvoffset=\dimen159
\Gm@dimlist=\toks22
) (/usr/local/texlive/2020/texmf-dist/tex/latex/fancyvrb/fancyvrb.sty
Package: fancyvrb 2020/01/13 v3.5 verbatim text (tvz,hv)
\FV@CodeLineNo=\count289
\FV@InFile=\read2
\FV@TabBox=\box49
\c@FancyVerbLine=\count290
\FV@StepNumber=\count291
\FV@OutFile=\write3
) (/usr/local/texlive/2020/texmf-dist/tex/latex/framed/framed.sty
Package: framed 2011/10/22 v 0.96: framed or shaded text with page breaks
\OuterFrameSep=\skip53
\fb@frw=\dimen160
\fb@frh=\dimen161
\FrameRule=\dimen162
\FrameSep=\dimen163
) (/usr/local/texlive/2020/texmf-dist/tex/latex/tools/longtable.sty
Package: longtable 2020/01/07 v4.13 Multi-page Table package (DPC)
\LTleft=\skip54
\LTright=\skip55
\LTpre=\skip56
\LTpost=\skip57
\LTchunksize=\count292
\LTcapwidth=\dimen164
\LT@head=\box50
\LT@firsthead=\box51
\LT@foot=\box52
\LT@lastfoot=\box53
\LT@cols=\count293
\LT@rows=\count294
\c@LT@tables=\count295
\c@LT@chunks=\count296
\LT@p@ftn=\toks23
) (/usr/local/texlive/2020/texmf-dist/tex/latex/booktabs/booktabs.sty
Package: booktabs 2020/01/12 v1.61803398 Publication quality tables
\heavyrulewidth=\dimen165
\lightrulewidth=\dimen166
\cmidrulewidth=\dimen167
\belowrulesep=\dimen168
\belowbottomsep=\dimen169
\aboverulesep=\dimen170
\abovetopsep=\dimen171
\cmidrulesep=\dimen172
\cmidrulekern=\dimen173
\defaultaddspace=\dimen174
\@cmidla=\count297
\@cmidlb=\count298
\@aboverulesep=\dimen175
\@belowrulesep=\dimen176
\@thisruleclass=\count299
\@lastruleclass=\count300
\@thisrulewidth=\dimen177
) (/usr/local/texlive/2020/texmf-dist/tex/latex/tools/calc.sty
Package: calc 2017/05/25 v4.3 Infix arithmetic (KKT,FJ)
\calc@Acount=\count301
\calc@Bcount=\count302
\calc@Adimen=\dimen178
\calc@Bdimen=\dimen179
\calc@Askip=\skip58
\calc@Bskip=\skip59
LaTeX Info: Redefining \setlength on input line 80.
LaTeX Info: Redefining \addtolength on input line 81.
\calc@Ccount=\count303
\calc@Cskip=\skip60
) (/usr/local/texlive/2020/texmf-dist/tex/latex/footnotehyper/footnotehyper.sty
Package: footnotehyper 2019/11/07 v1.1a hyperref aware footnote.sty (JFB)
\FNH@notes=\box54
\FNH@width=\dimen180
) (/usr/local/texlive/2020/texmf-dist/tex/latex/graphics/graphicx.sty
Package: graphicx 2019/11/30 v1.2a Enhanced LaTeX Graphics (DPC,SPQR)
(/usr/local/texlive/2020/texmf-dist/tex/latex/graphics/graphics.sty
Package: graphics 2019/11/30 v1.4a Standard LaTeX Graphics (DPC,SPQR)
(/usr/local/texlive/2020/texmf-dist/tex/latex/graphics/trig.sty
Package: trig 2016/01/03 v1.10 sin cos tan (DPC)
) (/usr/local/texlive/2020/texmf-dist/tex/latex/graphics-cfg/graphics.cfg
File: graphics.cfg 2016/06/04 v1.11 sample graphics configuration
)
Package graphics Info: Driver file: xetex.def on input line 105.
)
\Gin@req@height=\dimen181
\Gin@req@width=\dimen182
) (/usr/local/texlive/2020/texmf-dist/tex/generic/babel/babel.sty
Package: babel 2020/03/22 3.42 The Babel package
(/usr/local/texlive/2020/texmf-dist/tex/generic/babel/switch.def
File: switch.def 2020/03/22 3.42 Babel switching mechanism
) (/usr/local/texlive/2020/texmf-dist/tex/generic/babel-french/french.ldf
Language: french 2020/01/30 v3.5g French support from the babel system
(/usr/local/texlive/2020/texmf-dist/tex/generic/babel/babel.def
File: babel.def 2020/03/22 3.42 Babel common definitions
\babel@savecnt=\count304
\U@D=\dimen183
(/usr/local/texlive/2020/texmf-dist/tex/generic/babel/xebabel.def (/usr/local/t
exlive/2020/texmf-dist/tex/generic/babel/txtbabel.def))
\bbl@readstream=\read3
\bbl@dirlevel=\count305
)
Package babel Info: \l@acadian = using hyphenrules for french
(babel)             (\language28) on input line 91.
Package babel Info: \l@canadien = using hyphenrules for french
(babel)             (\language28) on input line 92.
\FB@nonchar=\count306
Package french.ldf Info: No need for active punctuation characters
(french.ldf)             with this version of XeTeX!
(french.ldf)             reported on input line 331.
\FB@punctthick=\XeTeXcharclass1
\FB@punctthin=\XeTeXcharclass2
\FB@punctnul=\XeTeXcharclass3
\FB@guilo=\XeTeXcharclass4
\FB@guilf=\XeTeXcharclass5
\FB@guilnul=\XeTeXcharclass6
\FBguill@level=\count307
\FBold@everypar=\toks24
\FB@Mht=\dimen184
LaTeX Info: Redefining \degres on input line 782.
\mc@charclass=\count308
\mc@charfam=\count309
\mc@charslot=\count310
\std@mcc=\count311
\dec@mcc=\count312
\c@FBcaption@count=\count313
\listindentFB=\dimen185
\descindentFB=\dimen186
\labelindentFB=\dimen187
\labelwidthFB=\dimen188
\leftmarginFB=\dimen189
\parindentFFN=\dimen190
\FBfnindent=\dimen191
)) (/usr/local/texlive/2020/texmf-dist/tex/latex/carlisle/scalefnt.sty) (/usr/l
ocal/texlive/2020/texmf-dist/tex/latex/setspace/setspace.sty
Package: setspace 2011/12/19 v6.7a set line spacing
) (/usr/local/texlive/2020/texmf-dist/tex/latex/graphics/rotating.sty
Package: rotating 2016/08/11 v2.16d rotated objects in LaTeX
(/usr/local/texlive/2020/texmf-dist/tex/latex/base/ifthen.sty
Package: ifthen 2014/09/29 v1.1c Standard LaTeX ifthen package (DPC)
)
\c@r@tfl@t=\count314
\rotFPtop=\skip61
\rotFPbot=\skip62
\rot@float@box=\box55
\rot@mess@toks=\toks25
) (/usr/local/texlive/2020/texmf-dist/tex/latex/placeins/placeins.sty
Package: placeins 2005/04/18  v 2.2
) (/usr/local/texlive/2020/texmf-dist/tex/latex/hvfloat/hvfloat.sty
Package: hvfloat 2019/05/13 rotating of floating objects
`hvfloat' v2.15, 2019/08/31 (Herbert Voss) (/usr/local/texlive/2020/texmf-dist/
tex/latex/caption/caption.sty
Package: caption 2020/01/03 v3.4h Customizing captions (AR)
(/usr/local/texlive/2020/texmf-dist/tex/latex/caption/caption3.sty
Package: caption3 2020/01/03 v1.8h caption3 kernel (AR)
Package caption3 Info: TeX engine: e-TeX on input line 61.
\captionmargin=\dimen192
\captionmargin@=\dimen193
\captionwidth=\dimen194
\caption@tempdima=\dimen195
\caption@indent=\dimen196
\caption@parindent=\dimen197
\caption@hangindent=\dimen198
Package caption Info: Standard document class detected.
)
\c@caption@flags=\count315
\c@continuedfloat=\count316
Package caption Info: hyperref package is loaded.
Package caption Info: longtable package is loaded.
(/usr/local/texlive/2020/texmf-dist/tex/latex/caption/ltcaption.sty
Package: ltcaption 2018/08/26 v1.4a longtable captions (AR)
)
Package caption Info: rotating package is loaded.
) (/usr/local/texlive/2020/texmf-dist/tex/latex/caption/subcaption.sty
Package: subcaption 2020/01/22 v1.3d Sub-captions (AR)
\c@subfigure=\count317
\c@subtable=\count318
) (/usr/local/texlive/2020/texmf-dist/tex/latex/multido/multido.sty
Package: multido 2004/05/17 package wrapper for PSTricks `multido.tex', (HV/RN)

(/usr/local/texlive/2020/texmf-dist/tex/generic/multido/multido.tex  v1.42, 201
0/05/14 <tvz>
\multido@count=\count319
\multidocount=\count320
\multido@stuff=\toks26
)
File: multido.tex 2010/05/14 v1.42 `multido' (tvz,hv)
) (/usr/local/texlive/2020/texmf-dist/tex/latex/xkeyval/xkeyval.sty
Package: xkeyval 2014/12/03 v2.7a package option processing (HA)
(/usr/local/texlive/2020/texmf-dist/tex/generic/xkeyval/xkeyval.tex (/usr/local
/texlive/2020/texmf-dist/tex/generic/xkeyval/xkvutils.tex
\XKV@toks=\toks27
\XKV@tempa@toks=\toks28
)
\XKV@depth=\count321
File: xkeyval.tex 2014/12/03 v2.7a key=value parser (HA)
)) (/usr/local/texlive/2020/texmf-dist/tex/latex/ifoddpage/ifoddpage.sty
Package: ifoddpage 2016/04/23 v1.1 Conditionals for odd/even page detection
\c@checkoddpage=\count322
) (/usr/local/texlive/2020/texmf-dist/tex/latex/tools/afterpage.sty
Package: afterpage 2014/10/28 v1.08 After-Page Package (DPC)
\AP@output=\toks29
\AP@partial=\box56
\AP@footins=\box57
)
\hvObjectWidth=\skip63
\hvCapWidth=\skip64
\hvWideWidth=\skip65
\hvMultiFloatSkip=\skip66
\hvMaxCapWidth=\skip67
\hvObjectBox=\box58
\hvCaptionBox=\box59
\hvOBox=\box60
\@tempbox=\box61
\hv@caption@box=\box62
\hvAboveCaptionSkip=\skip68
\hvBelowCaptionSkip=\skip69
\hv@@capPos=\count323
\fboxlinewidth=\skip70
\hv@maxImageWidth=\skip71
\c@hv@pfigure=\count324
\c@hv@ptable=\count325
\c@subhv@pfigure=\count326
\c@subhv@ptable=\count327
\hv@cnta=\count328
\hv@cntb=\count329
) (/usr/local/texlive/2020/texmf-dist/tex/latex/tools/multicol.sty
Package: multicol 2019/12/09 v1.8y multicolumn formatting (FMi)
\c@tracingmulticols=\count330
\mult@box=\box63
\multicol@leftmargin=\dimen199
\c@unbalance=\count331
\c@collectmore=\count332
\doublecol@number=\count333
\multicoltolerance=\count334
\multicolpretolerance=\count335
\full@width=\dimen256
\page@free=\dimen257
\premulticols=\dimen258
\postmulticols=\dimen259
\multicolsep=\skip72
\multicolbaselineskip=\skip73
\partial@page=\box64
\last@line=\box65
\maxbalancingoverflow=\dimen260
\mult@rightbox=\box66
\mult@grightbox=\box67
\mult@gfirstbox=\box68
\mult@firstbox=\box69
\@tempa=\box70
\@tempa=\box71
\@tempa=\box72
\@tempa=\box73
\@tempa=\box74
\@tempa=\box75
\@tempa=\box76
\@tempa=\box77
\@tempa=\box78
\@tempa=\box79
\@tempa=\box80
\@tempa=\box81
\@tempa=\box82
\@tempa=\box83
\@tempa=\box84
\@tempa=\box85
\@tempa=\box86
\@tempa=\box87
\@tempa=\box88
\@tempa=\box89
\@tempa=\box90
\@tempa=\box91
\@tempa=\box92
\@tempa=\box93
\@tempa=\box94
\@tempa=\box95
\@tempa=\box96
\@tempa=\box97
\@tempa=\box98
\@tempa=\box99
\@tempa=\box100
\@tempa=\box101
\@tempa=\box102
\@tempa=\box103
\@tempa=\box104
\@tempa=\box105
\@tempa=\box106
\c@minrows=\count336
\c@columnbadness=\count337
\c@finalcolumnbadness=\count338
\last@try=\dimen261
\multicolovershoot=\dimen262
\multicolundershoot=\dimen263
\mult@nat@firstbox=\box107
\colbreak@box=\box108
\mc@col@check@num=\count339
) (/usr/local/texlive/2020/texmf-dist/tex/latex/enumitem/enumitem.sty
Package: enumitem 2019/06/20 v3.9 Customized lists
\labelindent=\skip74
\enit@outerparindent=\dimen264
\enit@toks=\toks30
\enit@inbox=\box109
\enit@count@id=\count340
\enitdp@description=\count341
)

Package fontspec Info: FuturaLT-Book scale = 0.9170183754301669.


Package fontspec Info: FuturaLT-Book scale = 0.9170183754301669.


Package fontspec Info: Font family 'FuturaLT-Book.ttf(0)' created for font
(fontspec)             'FuturaLT-Book.ttf' with options
(fontspec)             [Scale=MatchLowercase,Ligatures=TeX,Scale=1,ExternalLoca
tion={fonts/}].
(fontspec)              
(fontspec)              This font family consists of the following NFSS
(fontspec)             series/shapes:
(fontspec)              
(fontspec)             - 'normal' (m/n) with NFSS spec.:
(fontspec)             <->s*[1]"[fonts/FuturaLT-Book.ttf]/OT:language=dflt;mapp
ing=tex-text;"
(fontspec)             - 'small caps'  (m/sc) with NFSS spec.: 

LaTeX Font Info:    Font shape `TU/FuturaLT-Book.ttf(0)/m/n' will be
(Font)              scaled to size 10.0pt on input line 135.

Package fontspec Info: FuturaLT-Book scale = 0.9999967534575678.


Package fontspec Info: FuturaLT-Book scale = 0.9999967534575678.


Package fontspec Info: Font family 'FuturaLT-Book.ttf(1)' created for font
(fontspec)             'FuturaLT-Book.ttf' with options
(fontspec)             [Scale=MatchLowercase,ExternalLocation={fonts/}].
(fontspec)              
(fontspec)              This font family consists of the following NFSS
(fontspec)             series/shapes:
(fontspec)              
(fontspec)             - 'normal' (m/n) with NFSS spec.:
(fontspec)             <->s*[0.9999967534575678]"[fonts/FuturaLT-Book.ttf]/OT:l
anguage=dflt;"
(fontspec)             - 'small caps'  (m/sc) with NFSS spec.: 

LaTeX Font Info:    Overwriting math alphabet `\mathrm' in version `normal'
(Font)                  OT1/lmr/m/n --> TU/FuturaLT-Book.ttf(1)/m/n on input li
ne 135.
LaTeX Font Info:    Overwriting math alphabet `\mathit' in version `normal'
(Font)                  OT1/lmr/m/it --> TU/FuturaLT-Book.ttf(1)/m/it on input 
line 135.
LaTeX Font Info:    Overwriting math alphabet `\mathbf' in version `normal'
(Font)                  OT1/lmr/bx/n --> TU/FuturaLT-Book.ttf(1)/b/n on input l
ine 135.

Package fontspec Info: FiraCode-Regular scale = 0.870368329589285.


Package fontspec Info: FiraCode-Regular scale = 0.870368329589285.


Package fontspec Info: Font family 'FiraCode-Regular.ttf(0)' created for font
(fontspec)             'FiraCode-Regular.ttf' with options
(fontspec)             [Scale=MatchLowercase,WordSpace={1,0,0},HyphenChar=None,
PunctuationSpace=WordSpace,Scale=0.85,ExternalLocation={fonts/}].
(fontspec)              
(fontspec)              This font family consists of the following NFSS
(fontspec)             series/shapes:
(fontspec)              
(fontspec)             - 'normal' (m/n) with NFSS spec.:
(fontspec)             <->s*[0.85]"[fonts/FiraCode-Regular.ttf]/OT:script=latn;
language=dflt;"
(fontspec)             - 'small caps'  (m/sc) with NFSS spec.: 
(fontspec)             and font adjustment code:
(fontspec)             \fontdimen 2\font =1\fontdimen 2\font \fontdimen 3\font
(fontspec)             =0\fontdimen 3\font \fontdimen 4\font =0\fontdimen
(fontspec)             4\font \fontdimen 7\font =0\fontdimen 2\font
(fontspec)             \tex_hyphenchar:D \font =-1\scan_stop: 


Package fontspec Info: FiraCode-Regular scale = 0.870368329589285.


Package fontspec Info: FiraCode-Regular scale = 0.870368329589285.


Package fontspec Info: Font family 'FiraCode-Regular.ttf(1)' created for font
(fontspec)             'FiraCode-Regular.ttf' with options
(fontspec)             [Scale=MatchLowercase,Scale=0.85,ExternalLocation={fonts
/}].
(fontspec)              
(fontspec)              This font family consists of the following NFSS
(fontspec)             series/shapes:
(fontspec)              
(fontspec)             - 'normal' (m/n) with NFSS spec.:
(fontspec)             <->s*[0.85]"[fonts/FiraCode-Regular.ttf]/OT:script=latn;
language=dflt;"
(fontspec)             - 'small caps'  (m/sc) with NFSS spec.: 

LaTeX Font Info:    Overwriting math alphabet `\mathtt' in version `normal'
(Font)                  OT1/lmtt/m/n --> TU/FiraCode-Regular.ttf(1)/m/n on inpu
t line 136.
LaTeX Font Info:    Overwriting math alphabet `\mathtt' in version `bold'
(Font)                  OT1/lmtt/m/n --> TU/FiraCode-Regular.ttf(1)/b/n on inpu
t line 136.
\cslhangindent=\skip75
\csllabelwidth=\skip76
(./Data-Analysis.aux)
\openout1 = `Data-Analysis.aux'.

LaTeX Font Info:    Checking defaults for OML/cmm/m/it on input line 165.
LaTeX Font Info:    ... okay on input line 165.
LaTeX Font Info:    Checking defaults for OMS/cmsy/m/n on input line 165.
LaTeX Font Info:    ... okay on input line 165.
LaTeX Font Info:    Checking defaults for OT1/cmr/m/n on input line 165.
LaTeX Font Info:    ... okay on input line 165.
LaTeX Font Info:    Checking defaults for T1/cmr/m/n on input line 165.
LaTeX Font Info:    ... okay on input line 165.
LaTeX Font Info:    Checking defaults for TS1/cmr/m/n on input line 165.
LaTeX Font Info:    ... okay on input line 165.
LaTeX Font Info:    Checking defaults for TU/lmr/m/n on input line 165.
LaTeX Font Info:    ... okay on input line 165.
LaTeX Font Info:    Checking defaults for OMX/cmex/m/n on input line 165.
LaTeX Font Info:    ... okay on input line 165.
LaTeX Font Info:    Checking defaults for U/cmr/m/n on input line 165.
LaTeX Font Info:    ... okay on input line 165.
LaTeX Font Info:    Checking defaults for PD1/pdf/m/n on input line 165.
LaTeX Font Info:    ... okay on input line 165.
LaTeX Font Info:    Checking defaults for PU/pdf/m/n on input line 165.
LaTeX Font Info:    ... okay on input line 165.
LaTeX Font Info:    Overwriting math alphabet `\mathsf' in version `normal'
(Font)                  OT1/lmss/m/n --> TU/lmss/m/n on input line 165.
LaTeX Font Info:    Overwriting math alphabet `\mathsf' in version `bold'
(Font)                  OT1/lmss/bx/n --> TU/lmss/b/n on input line 165.

Package fontspec Info: latinmodern-math scale = 1.090483287958338.


Package fontspec Info: latinmodern-math scale = 1.090483287958338.


Package fontspec Info: latinmodern-math scale = 1.090483287958338.


Package fontspec Info: Font family 'latinmodern-math.otf(0)' created for font
(fontspec)             'latinmodern-math.otf' with options
(fontspec)             [Scale=MatchLowercase,BoldItalicFont={},ItalicFont={},Sm
allCapsFont={},Script=Math,BoldFont={latinmodern-math.otf}].
(fontspec)              
(fontspec)              This font family consists of the following NFSS
(fontspec)             series/shapes:
(fontspec)              
(fontspec)             - 'normal' (m/n) with NFSS spec.:
(fontspec)             <->s*[1.090483287958338]"[latinmodern-math.otf]/OT:scrip
t=math;language=dflt;"
(fontspec)             - 'small caps'  (m/sc) with NFSS spec.: 
(fontspec)             - 'bold' (b/n) with NFSS spec.:
(fontspec)             <->s*[1.090483287958338]"[latinmodern-math.otf]/OT:scrip
t=math;language=dflt;"
(fontspec)             - 'bold small caps'  (b/sc) with NFSS spec.: 

LaTeX Font Info:    Font shape `TU/latinmodern-math.otf(0)/m/n' will be
(Font)              scaled to size 10.90485pt on input line 165.

Package fontspec Info: latinmodern-math scale = 1.090483287958338.


Package fontspec Info: latinmodern-math scale = 1.090483287958338.


Package fontspec Info: latinmodern-math scale = 1.090483287958338.


Package fontspec Info: latinmodern-math scale = 1.090483287958338.


Package fontspec Info: latinmodern-math scale = 1.090483287958338.


Package fontspec Info: Font family 'latinmodern-math.otf(1)' created for font
(fontspec)             'latinmodern-math.otf' with options
(fontspec)             [Scale=MatchLowercase,BoldItalicFont={},ItalicFont={},Sm
allCapsFont={},Script=Math,SizeFeatures={{Size=8.5-},{Size=6-8.5,Font=latinmode
rn-math.otf,Style=MathScript},{Size=-6,Font=latinmodern-math.otf,Style=MathScri
ptScript}},BoldFont={latinmodern-math.otf}].
(fontspec)              
(fontspec)              This font family consists of the following NFSS
(fontspec)             series/shapes:
(fontspec)              
(fontspec)             - 'normal' (m/n) with NFSS spec.:
(fontspec)             <8.5->s*[1.090483287958338]"[latinmodern-math.otf]/OT:sc
ript=math;language=dflt;"<6-8.5>s*[1.090483287958338]"[latinmodern-math.otf]/OT
:script=math;language=dflt;+ssty=0;"<-6>s*[1.090483287958338]"[latinmodern-math
.otf]/OT:script=math;language=dflt;+ssty=1;"
(fontspec)             - 'small caps'  (m/sc) with NFSS spec.: 
(fontspec)             - 'bold' (b/n) with NFSS spec.:
(fontspec)             <->s*[1.090483287958338]"[latinmodern-math.otf]/OT:scrip
t=math;language=dflt;"
(fontspec)             - 'bold small caps'  (b/sc) with NFSS spec.: 

LaTeX Font Info:    Font shape `TU/latinmodern-math.otf(1)/m/n' will be
(Font)              scaled to size 10.90485pt on input line 165.
LaTeX Font Info:    Encoding `OT1' has changed to `TU' for symbol font
(Font)              `operators' in the math version `normal' on input line 165.

LaTeX Font Info:    Overwriting symbol font `operators' in version `normal'
(Font)                  OT1/lmr/m/n --> TU/latinmodern-math.otf(1)/m/n on input
 line 165.
LaTeX Font Info:    Encoding `OT1' has changed to `TU' for symbol font
(Font)              `operators' in the math version `bold' on input line 165.
LaTeX Font Info:    Overwriting symbol font `operators' in version `bold'
(Font)                  OT1/lmr/bx/n --> TU/latinmodern-math.otf(1)/b/n on inpu
t line 165.

Package fontspec Info: latinmodern-math scale = 1.090483287958338.


Package fontspec Info: latinmodern-math scale = 1.090592336287134.


Package fontspec Info: latinmodern-math scale = 1.090483287958338.


Package fontspec Info: latinmodern-math scale = 1.090592336287134.


Package fontspec Info: latinmodern-math scale = 1.090483287958338.


Package fontspec Info: latinmodern-math scale = 1.090592336287134.


Package fontspec Info: latinmodern-math scale = 1.090483287958338.


Package fontspec Info: latinmodern-math scale = 1.090592336287134.


Package fontspec Info: latinmodern-math scale = 1.090483287958338.


Package fontspec Info: latinmodern-math scale = 1.090592336287134.


Package fontspec Info: Font family 'latinmodern-math.otf(2)' created for font
(fontspec)             'latinmodern-math.otf' with options
(fontspec)             [Scale=MatchLowercase,BoldItalicFont={},ItalicFont={},Sm
allCapsFont={},Script=Math,SizeFeatures={{Size=8.5-},{Size=6-8.5,Font=latinmode
rn-math.otf,Style=MathScript},{Size=-6,Font=latinmodern-math.otf,Style=MathScri
ptScript}},BoldFont={latinmodern-math.otf},ScaleAgain=1.0001,FontAdjustment={\f
ontdimen
(fontspec)             8\font =7.38258pt\relax \fontdimen 9\font
(fontspec)             =4.29651pt\relax \fontdimen 10\font =4.84175pt\relax
(fontspec)             \fontdimen 11\font =7.48073pt\relax \fontdimen 12\font
(fontspec)             =3.76218pt\relax \fontdimen 13\font =3.95847pt\relax
(fontspec)             \fontdimen 14\font =3.95847pt\relax \fontdimen 15\font
(fontspec)             =3.1515pt\relax \fontdimen 16\font =2.6935pt\relax
(fontspec)             \fontdimen 17\font =2.6935pt\relax \fontdimen 18\font
(fontspec)             =2.72621pt\relax \fontdimen 19\font =2.18097pt\relax
(fontspec)             \fontdimen 22\font =2.72621pt\relax \fontdimen 20\font
(fontspec)             =0pt\relax \fontdimen 21\font =0pt\relax }].
(fontspec)              
(fontspec)              This font family consists of the following NFSS
(fontspec)             series/shapes:
(fontspec)              
(fontspec)             - 'normal' (m/n) with NFSS spec.:
(fontspec)             <8.5->s*[1.090592336287134]"[latinmodern-math.otf]/OT:sc
ript=math;language=dflt;"<6-8.5>s*[1.090592336287134]"[latinmodern-math.otf]/OT
:script=math;language=dflt;+ssty=0;"<-6>s*[1.090592336287134]"[latinmodern-math
.otf]/OT:script=math;language=dflt;+ssty=1;"
(fontspec)             - 'small caps'  (m/sc) with NFSS spec.: 
(fontspec)             and font adjustment code:
(fontspec)             \fontdimen 8\font =7.38258pt\relax \fontdimen 9\font
(fontspec)             =4.29651pt\relax \fontdimen 10\font =4.84175pt\relax
(fontspec)             \fontdimen 11\font =7.48073pt\relax \fontdimen 12\font
(fontspec)             =3.76218pt\relax \fontdimen 13\font =3.95847pt\relax
(fontspec)             \fontdimen 14\font =3.95847pt\relax \fontdimen 15\font
(fontspec)             =3.1515pt\relax \fontdimen 16\font =2.6935pt\relax
(fontspec)             \fontdimen 17\font =2.6935pt\relax \fontdimen 18\font
(fontspec)             =2.72621pt\relax \fontdimen 19\font =2.18097pt\relax
(fontspec)             \fontdimen 22\font =2.72621pt\relax \fontdimen 20\font
(fontspec)             =0pt\relax \fontdimen 21\font =0pt\relax 
(fontspec)             - 'bold' (b/n) with NFSS spec.:
(fontspec)             <->s*[1.090592336287134]"[latinmodern-math.otf]/OT:scrip
t=math;language=dflt;"
(fontspec)             - 'bold small caps'  (b/sc) with NFSS spec.: 
(fontspec)             and font adjustment code:
(fontspec)             \fontdimen 8\font =7.38258pt\relax \fontdimen 9\font
(fontspec)             =4.29651pt\relax \fontdimen 10\font =4.84175pt\relax
(fontspec)             \fontdimen 11\font =7.48073pt\relax \fontdimen 12\font
(fontspec)             =3.76218pt\relax \fontdimen 13\font =3.95847pt\relax
(fontspec)             \fontdimen 14\font =3.95847pt\relax \fontdimen 15\font
(fontspec)             =3.1515pt\relax \fontdimen 16\font =2.6935pt\relax
(fontspec)             \fontdimen 17\font =2.6935pt\relax \fontdimen 18\font
(fontspec)             =2.72621pt\relax \fontdimen 19\font =2.18097pt\relax
(fontspec)             \fontdimen 22\font =2.72621pt\relax \fontdimen 20\font
(fontspec)             =0pt\relax \fontdimen 21\font =0pt\relax 

LaTeX Font Info:    Encoding `OMS' has changed to `TU' for symbol font
(Font)              `symbols' in the math version `normal' on input line 165.
LaTeX Font Info:    Overwriting symbol font `symbols' in version `normal'
(Font)                  OMS/lmsy/m/n --> TU/latinmodern-math.otf(2)/m/n on inpu
t line 165.
LaTeX Font Info:    Encoding `OMS' has changed to `TU' for symbol font
(Font)              `symbols' in the math version `bold' on input line 165.
LaTeX Font Info:    Overwriting symbol font `symbols' in version `bold'
(Font)                  OMS/lmsy/b/n --> TU/latinmodern-math.otf(2)/b/n on inpu
t line 165.

Package fontspec Info: latinmodern-math scale = 1.090483287958338.


Package fontspec Info: latinmodern-math scale = 1.090374239629542.


Package fontspec Info: latinmodern-math scale = 1.090483287958338.


Package fontspec Info: latinmodern-math scale = 1.090374239629542.


Package fontspec Info: latinmodern-math scale = 1.090483287958338.


Package fontspec Info: latinmodern-math scale = 1.090374239629542.


Package fontspec Info: latinmodern-math scale = 1.090483287958338.


Package fontspec Info: latinmodern-math scale = 1.090374239629542.


Package fontspec Info: latinmodern-math scale = 1.090483287958338.


Package fontspec Info: latinmodern-math scale = 1.090374239629542.


Package fontspec Info: Font family 'latinmodern-math.otf(3)' created for font
(fontspec)             'latinmodern-math.otf' with options
(fontspec)             [Scale=MatchLowercase,BoldItalicFont={},ItalicFont={},Sm
allCapsFont={},Script=Math,SizeFeatures={{Size=8.5-},{Size=6-8.5,Font=latinmode
rn-math.otf,Style=MathScript},{Size=-6,Font=latinmodern-math.otf,Style=MathScri
ptScript}},BoldFont={latinmodern-math.otf},ScaleAgain=0.9999,FontAdjustment={\f
ontdimen
(fontspec)             8\font =0.43619pt\relax \fontdimen 9\font
(fontspec)             =2.18097pt\relax \fontdimen 10\font =1.8211pt\relax
(fontspec)             \fontdimen 11\font =1.21043pt\relax \fontdimen 12\font
(fontspec)             =6.54291pt\relax \fontdimen 13\font =0pt\relax }].
(fontspec)              
(fontspec)              This font family consists of the following NFSS
(fontspec)             series/shapes:
(fontspec)              
(fontspec)             - 'normal' (m/n) with NFSS spec.:
(fontspec)             <8.5->s*[1.090374239629542]"[latinmodern-math.otf]/OT:sc
ript=math;language=dflt;"<6-8.5>s*[1.090374239629542]"[latinmodern-math.otf]/OT
:script=math;language=dflt;+ssty=0;"<-6>s*[1.090374239629542]"[latinmodern-math
.otf]/OT:script=math;language=dflt;+ssty=1;"
(fontspec)             - 'small caps'  (m/sc) with NFSS spec.: 
(fontspec)             and font adjustment code:
(fontspec)             \fontdimen 8\font =0.43619pt\relax \fontdimen 9\font
(fontspec)             =2.18097pt\relax \fontdimen 10\font =1.8211pt\relax
(fontspec)             \fontdimen 11\font =1.21043pt\relax \fontdimen 12\font
(fontspec)             =6.54291pt\relax \fontdimen 13\font =0pt\relax 
(fontspec)             - 'bold' (b/n) with NFSS spec.:
(fontspec)             <->s*[1.090374239629542]"[latinmodern-math.otf]/OT:scrip
t=math;language=dflt;"
(fontspec)             - 'bold small caps'  (b/sc) with NFSS spec.: 
(fontspec)             and font adjustment code:
(fontspec)             \fontdimen 8\font =0.43619pt\relax \fontdimen 9\font
(fontspec)             =2.18097pt\relax \fontdimen 10\font =1.8211pt\relax
(fontspec)             \fontdimen 11\font =1.21043pt\relax \fontdimen 12\font
(fontspec)             =6.54291pt\relax \fontdimen 13\font =0pt\relax 

LaTeX Font Info:    Encoding `OMX' has changed to `TU' for symbol font
(Font)              `largesymbols' in the math version `normal' on input line 1
65.
LaTeX Font Info:    Overwriting symbol font `largesymbols' in version `normal'
(Font)                  OMX/lmex/m/n --> TU/latinmodern-math.otf(3)/m/n on inpu
t line 165.
LaTeX Font Info:    Encoding `OMX' has changed to `TU' for symbol font
(Font)              `largesymbols' in the math version `bold' on input line 165
.
LaTeX Font Info:    Overwriting symbol font `largesymbols' in version `bold'
(Font)                  OMX/lmex/m/n --> TU/latinmodern-math.otf(3)/b/n on inpu
t line 165.
LaTeX Info: Redefining \microtypecontext on input line 165.
Package microtype Info: Character protrusion enabled (level 2).
Package microtype Info: Using protrusion set `basicmath'.
Package microtype Info: No adjustment of tracking.
Package microtype Info: No adjustment of spacing.
Package microtype Info: No adjustment of kerning.
Package microtype Info: Loading generic protrusion settings for font family
(microtype)             `FuturaLT-Book.ttf' (encoding: TU).
(microtype)             For optimal results, create family-specific settings.
(microtype)             See the microtype manual for details.

Package microtype Warning: Unknown slot number of character
(microtype)                `\k A'
(microtype)                in font encoding `TU' in inheritance list
(microtype)                `microtype.cfg/376(protrusion)'.


Package microtype Warning: Unknown slot number of character
(microtype)                `\u A'
(microtype)                in font encoding `TU' in inheritance list
(microtype)                `microtype.cfg/376(protrusion)'.


Package microtype Warning: Unknown slot number of character
(microtype)                `\k a'
(microtype)                in font encoding `TU' in inheritance list
(microtype)                `microtype.cfg/376(protrusion)'.


Package microtype Warning: Unknown slot number of character
(microtype)                `\u a'
(microtype)                in font encoding `TU' in inheritance list
(microtype)                `microtype.cfg/376(protrusion)'.


Package microtype Warning: Unknown slot number of character
(microtype)                `\'C'
(microtype)                in font encoding `TU' in inheritance list
(microtype)                `microtype.cfg/376(protrusion)'.


Package microtype Warning: Unknown slot number of character
(microtype)                `\v C'
(microtype)                in font encoding `TU' in inheritance list
(microtype)                `microtype.cfg/376(protrusion)'.


Package microtype Warning: Unknown slot number of character
(microtype)                `\'c'
(microtype)                in font encoding `TU' in inheritance list
(microtype)                `microtype.cfg/376(protrusion)'.


Package microtype Warning: Unknown slot number of character
(microtype)                `\v c'
(microtype)                in font encoding `TU' in inheritance list
(microtype)                `microtype.cfg/376(protrusion)'.


Package microtype Warning: Unknown slot number of character
(microtype)                `\v D'
(microtype)                in font encoding `TU' in inheritance list
(microtype)                `microtype.cfg/376(protrusion)'.


Package microtype Warning: Unknown slot number of character
(microtype)                `\v d'
(microtype)                in font encoding `TU' in inheritance list
(microtype)                `microtype.cfg/376(protrusion)'.

Package microtype Info: Character `\dj ' is missing
(microtype)             in font `\TU/FuturaLT-Book.ttf(0)/m/n/10'.
(microtype)             Ignoring protrusion settings for this character.

Package microtype Warning: Unknown slot number of character
(microtype)                `\k E'
(microtype)                in font encoding `TU' in inheritance list
(microtype)                `microtype.cfg/376(protrusion)'.


Package microtype Warning: Unknown slot number of character
(microtype)                `\v E'
(microtype)                in font encoding `TU' in inheritance list
(microtype)                `microtype.cfg/376(protrusion)'.


Package microtype Warning: Unknown slot number of character
(microtype)                `\k e'
(microtype)                in font encoding `TU' in inheritance list
(microtype)                `microtype.cfg/376(protrusion)'.


Package microtype Warning: Unknown slot number of character
(microtype)                `\v e'
(microtype)                in font encoding `TU' in inheritance list
(microtype)                `microtype.cfg/376(protrusion)'.


Package microtype Warning: Unknown slot number of character
(microtype)                `\u G'
(microtype)                in font encoding `TU' in inheritance list
(microtype)                `microtype.cfg/376(protrusion)'.


Package microtype Warning: Unknown slot number of character
(microtype)                `\u g'
(microtype)                in font encoding `TU' in inheritance list
(microtype)                `microtype.cfg/376(protrusion)'.


Package microtype Warning: Unknown slot number of character
(microtype)                `\.I'
(microtype)                in font encoding `TU' in inheritance list
(microtype)                `microtype.cfg/376(protrusion)'.


Package microtype Warning: Unknown slot number of character
(microtype)                `\'L'
(microtype)                in font encoding `TU' in inheritance list
(microtype)                `microtype.cfg/376(protrusion)'.


Package microtype Warning: Unknown slot number of character
(microtype)                `\v L'
(microtype)                in font encoding `TU' in inheritance list
(microtype)                `microtype.cfg/376(protrusion)'.


Package microtype Warning: Unknown slot number of character
(microtype)                `\'l'
(microtype)                in font encoding `TU' in inheritance list
(microtype)                `microtype.cfg/376(protrusion)'.


Package microtype Warning: Unknown slot number of character
(microtype)                `\v l'
(microtype)                in font encoding `TU' in inheritance list
(microtype)                `microtype.cfg/376(protrusion)'.


Package microtype Warning: Unknown slot number of character
(microtype)                `\'N'
(microtype)                in font encoding `TU' in inheritance list
(microtype)                `microtype.cfg/376(protrusion)'.


Package microtype Warning: Unknown slot number of character
(microtype)                `\v N'
(microtype)                in font encoding `TU' in inheritance list
(microtype)                `microtype.cfg/376(protrusion)'.


Package microtype Warning: Unknown slot number of character
(microtype)                `\'n'
(microtype)                in font encoding `TU' in inheritance list
(microtype)                `microtype.cfg/376(protrusion)'.


Package microtype Warning: Unknown slot number of character
(microtype)                `\v n'
(microtype)                in font encoding `TU' in inheritance list
(microtype)                `microtype.cfg/376(protrusion)'.


Package microtype Warning: Unknown slot number of character
(microtype)                `\H O'
(microtype)                in font encoding `TU' in inheritance list
(microtype)                `microtype.cfg/376(protrusion)'.


Package microtype Warning: Unknown slot number of character
(microtype)                `\H o'
(microtype)                in font encoding `TU' in inheritance list
(microtype)                `microtype.cfg/376(protrusion)'.


Package microtype Warning: Unknown slot number of character
(microtype)                `\'R'
(microtype)                in font encoding `TU' in inheritance list
(microtype)                `microtype.cfg/376(protrusion)'.


Package microtype Warning: Unknown slot number of character
(microtype)                `\v R'
(microtype)                in font encoding `TU' in inheritance list
(microtype)                `microtype.cfg/376(protrusion)'.


Package microtype Warning: Unknown slot number of character
(microtype)                `\'r'
(microtype)                in font encoding `TU' in inheritance list
(microtype)                `microtype.cfg/376(protrusion)'.


Package microtype Warning: Unknown slot number of character
(microtype)                `\v r'
(microtype)                in font encoding `TU' in inheritance list
(microtype)                `microtype.cfg/376(protrusion)'.


Package microtype Warning: Unknown slot number of character
(microtype)                `\'S'
(microtype)                in font encoding `TU' in inheritance list
(microtype)                `microtype.cfg/376(protrusion)'.


Package microtype Warning: Unknown slot number of character
(microtype)                `\c S'
(microtype)                in font encoding `TU' in inheritance list
(microtype)                `microtype.cfg/376(protrusion)'.


Package microtype Warning: Unknown slot number of character
(microtype)                `\'s'
(microtype)                in font encoding `TU' in inheritance list
(microtype)                `microtype.cfg/376(protrusion)'.


Package microtype Warning: Unknown slot number of character
(microtype)                `\c s'
(microtype)                in font encoding `TU' in inheritance list
(microtype)                `microtype.cfg/376(protrusion)'.


Package microtype Warning: Unknown slot number of character
(microtype)                `\c T'
(microtype)                in font encoding `TU' in inheritance list
(microtype)                `microtype.cfg/376(protrusion)'.


Package microtype Warning: Unknown slot number of character
(microtype)                `\v T'
(microtype)                in font encoding `TU' in inheritance list
(microtype)                `microtype.cfg/376(protrusion)'.


Package microtype Warning: Unknown slot number of character
(microtype)                `\c t'
(microtype)                in font encoding `TU' in inheritance list
(microtype)                `microtype.cfg/376(protrusion)'.


Package microtype Warning: Unknown slot number of character
(microtype)                `\v t'
(microtype)                in font encoding `TU' in inheritance list
(microtype)                `microtype.cfg/376(protrusion)'.


Package microtype Warning: Unknown slot number of character
(microtype)                `\H U'
(microtype)                in font encoding `TU' in inheritance list
(microtype)                `microtype.cfg/376(protrusion)'.


Package microtype Warning: Unknown slot number of character
(microtype)                `\r U'
(microtype)                in font encoding `TU' in inheritance list
(microtype)                `microtype.cfg/376(protrusion)'.


Package microtype Warning: Unknown slot number of character
(microtype)                `\H u'
(microtype)                in font encoding `TU' in inheritance list
(microtype)                `microtype.cfg/376(protrusion)'.


Package microtype Warning: Unknown slot number of character
(microtype)                `\r u'
(microtype)                in font encoding `TU' in inheritance list
(microtype)                `microtype.cfg/376(protrusion)'.


Package microtype Warning: Unknown slot number of character
(microtype)                `\'Z'
(microtype)                in font encoding `TU' in inheritance list
(microtype)                `microtype.cfg/376(protrusion)'.


Package microtype Warning: Unknown slot number of character
(microtype)                `\.Z'
(microtype)                in font encoding `TU' in inheritance list
(microtype)                `microtype.cfg/376(protrusion)'.


Package microtype Warning: Unknown slot number of character
(microtype)                `\'z'
(microtype)                in font encoding `TU' in inheritance list
(microtype)                `microtype.cfg/376(protrusion)'.


Package microtype Warning: Unknown slot number of character
(microtype)                `\.z'
(microtype)                in font encoding `TU' in inheritance list
(microtype)                `microtype.cfg/376(protrusion)'.

\AtBeginShipoutBox=\box110
Package hyperref Info: Link coloring ON on input line 165.
(/usr/local/texlive/2020/texmf-dist/tex/latex/hyperref/nameref.sty
Package: nameref 2019/09/16 v2.46 Cross-referencing by name of section
(/usr/local/texlive/2020/texmf-dist/tex/latex/refcount/refcount.sty
Package: refcount 2019/12/15 v3.6 Data extraction from label references (HO)
)
(/usr/local/texlive/2020/texmf-dist/tex/generic/gettitlestring/gettitlestring.s
ty
Package: gettitlestring 2019/12/15 v1.6 Cleanup title references (HO)
)
\c@section@level=\count342
)
LaTeX Info: Redefining \ref on input line 165.
LaTeX Info: Redefining \pageref on input line 165.
LaTeX Info: Redefining \nameref on input line 165.
*geometry* driver: auto-detecting
*geometry* detected driver: xetex
*geometry* verbose mode - [ preamble ] result:
* driver: xetex
* paper: a4paper
* layout: <same size as paper>
* layoutoffset:(h,v)=(0.0pt,0.0pt)
* modes: 
* h-part:(L,W,R)=(106.69783pt, 384.11221pt, 106.69783pt)
* v-part:(T,H,B)=(85.35826pt, 674.33032pt, 85.35826pt)
* \paperwidth=597.50787pt
* \paperheight=845.04684pt
* \textwidth=384.11221pt
* \textheight=674.33032pt
* \oddsidemargin=34.42784pt
* \evensidemargin=34.42784pt
* \topmargin=-23.91173pt
* \headheight=12.0pt
* \headsep=25.0pt
* \topskip=10.0pt
* \footskip=30.0pt
* \marginparwidth=57.0pt
* \marginparsep=11.0pt
* \columnsep=10.0pt
* \skip\footins=9.0pt plus 4.0pt minus 2.0pt
* \hoffset=0.0pt
* \voffset=0.0pt
* \mag=1000
* \@twocolumnfalse
* \@twosidefalse
* \@mparswitchfalse
* \@reversemarginfalse
* (1in=72.27pt=25.4mm, 1cm=28.453pt)

LaTeX Info: Redefining \dots on input line 165.
Package french.ldf Info: Setting StandardItemizeEnv=true for
(french.ldf)             compatibility with enumitem package,
(french.ldf)             reported on input line 165.
Package french.ldf Info: Setting StandardEnumerateEnv=true for
(french.ldf)             compatibility with enumitem package,
(french.ldf)             reported on input line 165.
LaTeX Info: Redefining \up on input line 165.
Package caption Info: Begin \AtBeginDocument code.
Package caption Info: End \AtBeginDocument code.
LaTeX Font Info:    Font shape `TU/FuturaLT-Book.ttf(0)/m/n' will be
(Font)              scaled to size 17.28pt on input line 167.
LaTeX Font Info:    Font shape `TU/FuturaLT-Book.ttf(0)/m/n' will be
(Font)              scaled to size 12.0pt on input line 167.
LaTeX Font Info:    Font shape `TU/latinmodern-math.otf(1)/m/n' will be
(Font)              scaled to size 13.08582pt on input line 167.
LaTeX Font Info:    Font shape `TU/latinmodern-math.otf(1)/m/n' will be
(Font)              scaled to size 8.72388pt on input line 167.
LaTeX Font Info:    Font shape `TU/latinmodern-math.otf(1)/m/n' will be
(Font)              scaled to size 6.54291pt on input line 167.
LaTeX Font Info:    Trying to load font information for OML+lmm on input line 1
67.
(/usr/local/texlive/2020/texmf-dist/tex/latex/lm/omllmm.fd
File: omllmm.fd 2009/10/30 v1.6 Font defs for Latin Modern
)
LaTeX Font Info:    Font shape `TU/latinmodern-math.otf(2)/m/n' will be
(Font)              scaled to size 13.0871pt on input line 167.
LaTeX Font Info:    Font shape `TU/latinmodern-math.otf(2)/m/n' will be
(Font)              scaled to size 8.72473pt on input line 167.
LaTeX Font Info:    Font shape `TU/latinmodern-math.otf(2)/m/n' will be
(Font)              scaled to size 6.54355pt on input line 167.
LaTeX Font Info:    Font shape `TU/latinmodern-math.otf(3)/m/n' will be
(Font)              scaled to size 13.08453pt on input line 167.
LaTeX Font Info:    Font shape `TU/latinmodern-math.otf(3)/m/n' will be
(Font)              scaled to size 8.72302pt on input line 167.
LaTeX Font Info:    Font shape `TU/latinmodern-math.otf(3)/m/n' will be
(Font)              scaled to size 6.54227pt on input line 167.
LaTeX Font Info:    Font shape `TU/FuturaLT-Book.ttf(0)/m/n' will be
(Font)              scaled to size 14.4pt on input line 171.

LaTeX Font Warning: Font shape `TU/FuturaLT-Book.ttf(0)/b/n' undefined
(Font)              using `TU/FuturaLT-Book.ttf(0)/m/n' instead on input line 1
71.

(./Data-Analysis.toc
LaTeX Font Info:    Font shape `TU/FuturaLT-Book.ttf(0)/b/n' will be
(Font)              scaled to size 10.0pt on input line 2.
LaTeX Font Info:    Font shape `TU/latinmodern-math.otf(1)/m/n' will be
(Font)              scaled to size 7.63339pt on input line 3.
LaTeX Font Info:    Font shape `TU/latinmodern-math.otf(1)/m/n' will be
(Font)              scaled to size 5.45242pt on input line 3.
LaTeX Font Info:    Font shape `TU/latinmodern-math.otf(2)/m/n' will be
(Font)              scaled to size 10.90591pt on input line 3.
LaTeX Font Info:    Font shape `TU/latinmodern-math.otf(2)/m/n' will be
(Font)              scaled to size 7.63414pt on input line 3.
LaTeX Font Info:    Font shape `TU/latinmodern-math.otf(2)/m/n' will be
(Font)              scaled to size 5.45296pt on input line 3.
LaTeX Font Info:    Font shape `TU/latinmodern-math.otf(3)/m/n' will be
(Font)              scaled to size 10.90378pt on input line 3.
LaTeX Font Info:    Font shape `TU/latinmodern-math.otf(3)/m/n' will be
(Font)              scaled to size 7.63264pt on input line 3.
LaTeX Font Info:    Font shape `TU/latinmodern-math.otf(3)/m/n' will be
(Font)              scaled to size 5.45189pt on input line 3.
LaTeX Font Info:    Font shape `TU/FiraCode-Regular.ttf(0)/m/n' will be
(Font)              scaled to size 8.50006pt on input line 26.

LaTeX Font Warning: Font shape `TU/FiraCode-Regular.ttf(0)/b/n' undefined
(Font)              using `TU/FiraCode-Regular.ttf(0)/m/n' instead on input lin
e 35.


Overfull \hbox (2.97997pt too wide) detected at line 80
 []\TU/FuturaLT-Book.ttf(0)/b/n/10 101
 []

LaTeX Font Info:    Font shape `TU/FiraCode-Regular.ttf(0)/b/n' will be
(Font)              scaled to size 8.50006pt on input line 81.

Overfull \hbox (2.97997pt too wide) detected at line 82
 []\TU/FuturaLT-Book.ttf(0)/b/n/10 103
 []


Overfull \hbox (2.97997pt too wide) detected at line 83
 []\TU/FuturaLT-Book.ttf(0)/b/n/10 104
 []


Overfull \hbox (2.97997pt too wide) detected at line 88
 []\TU/FuturaLT-Book.ttf(0)/b/n/10 114
 []


Overfull \hbox (2.97997pt too wide) detected at line 95
 []\TU/FuturaLT-Book.ttf(0)/b/n/10 126
 []

[1

]
Overfull \hbox (2.97997pt too wide) detected at line 96
 []\TU/FuturaLT-Book.ttf(0)/b/n/10 126
 []


Overfull \hbox (2.97997pt too wide) detected at line 97
 []\TU/FuturaLT-Book.ttf(0)/b/n/10 128
 []


Overfull \hbox (2.97997pt too wide) detected at line 98
 []\TU/FuturaLT-Book.ttf(0)/b/n/10 129
 []


Overfull \hbox (2.97997pt too wide) detected at line 102
 []\TU/FuturaLT-Book.ttf(0)/b/n/10 134
 []


Overfull \hbox (2.97997pt too wide) detected at line 109
 []\TU/FuturaLT-Book.ttf(0)/b/n/10 148
 []


Overfull \hbox (2.97997pt too wide) detected at line 110
 []\TU/FuturaLT-Book.ttf(0)/b/n/10 151
 []


Overfull \hbox (2.97997pt too wide) detected at line 114
 []\TU/FuturaLT-Book.ttf(0)/b/n/10 162
 []


Overfull \hbox (2.97997pt too wide) detected at line 115
 []\TU/FuturaLT-Book.ttf(0)/b/n/10 165
 []


Overfull \hbox (2.97997pt too wide) detected at line 120
 []\TU/FuturaLT-Book.ttf(0)/b/n/10 173
 []

)
\tf@toc=\write4
\openout4 = `Data-Analysis.toc'.

LaTeX Font Info:    Font shape `TU/FuturaLT-Book.ttf(0)/b/n' will be
(Font)              scaled to size 14.4pt on input line 174.
LaTeX Font Info:    Font shape `TU/FuturaLT-Book.ttf(0)/b/n' will be
(Font)              scaled to size 12.0pt on input line 177.
[2] [3]

LaTeX Font Warning: Font shape `TU/FuturaLT-Book.ttf(0)/m/it' undefined
(Font)              using `TU/FuturaLT-Book.ttf(0)/m/n' instead on input line 2
63.

[4] [5] [6]
LaTeX Font Info:    Font shape `TU/FuturaLT-Book.ttf(0)/m/it' will be
(Font)              scaled to size 10.0pt on input line 377.
[7]
File: images/Rlogo.png Graphic file (type bmp)
<images/Rlogo.png>
File: images/RStudio-Ball.png Graphic file (type bmp)
<images/RStudio-Ball.png>
File: images/rstudio.png Graphic file (type bmp)
<images/rstudio.png>
[8] [9] [10] [11] [12]
File: figure/unnamed-chunk-5-1.pdf Graphic file (type pdf)
<use figure/unnamed-chunk-5-1.pdf>
[13] [14] [15] [16] [17] [18] [19] [20]
LaTeX Font Info:    Font shape `TU/FiraCode-Regular.ttf(0)/b/n' will be
(Font)              scaled to size 10.20007pt on input line 1193.
[21] [22] [23] [24] [25] [26]
LaTeX Font Info:    Font shape `TU/FiraCode-Regular.ttf(0)/b/n' will be
(Font)              scaled to size 12.24008pt on input line 1541.
[27] [28]

LaTeX Font Warning: Font shape `TU/FuturaLT-Book.ttf(0)/m/sc' undefined
(Font)              using `TU/FuturaLT-Book.ttf(0)/m/n' instead on input line 1
613.

LaTeX Font Info:    Font shape `TU/FuturaLT-Book.ttf(0)/m/sc' will be
(Font)              scaled to size 10.0pt on input line 1613.
[29]
File: figure/gapmind-1.pdf Graphic file (type pdf)
<use figure/gapmind-1.pdf>
[30] [31]
File: figure/unnamed-chunk-40-1.pdf Graphic file (type pdf)
<use figure/unnamed-chunk-40-1.pdf>
File: figure/points-1.pdf Graphic file (type pdf)
<use figure/points-1.pdf>
[32]
Underfull \hbox (badness 1052) in paragraph at lines 1821--1823
[]\TU/FuturaLT-Book.ttf(0)/m/sc/10 le nom du tableau contenant les donnes grc
e  largument \TU/FiraCode-Regular.ttf(0)/b/n/10 data =
 []

[33]
Underfull \hbox (badness 1033) in paragraph at lines 1868--1870
[]\TU/FuturaLT-Book.ttf(0)/m/sc/10 Donnez une raison pratique expliquant pourqu
oi les variables \TU/FiraCode-Regular.ttf(0)/b/n/10 dep_delay \TU/FuturaLT-Book
.ttf(0)/m/sc/10 et
 []

File: figure/transparent-1.pdf Graphic file (type pdf)
<use figure/transparent-1.pdf>
[34]
File: figure/transpfactor-1.pdf Graphic file (type pdf)
<use figure/transpfactor-1.pdf>
File: figure/jittering-1.pdf Graphic file (type pdf)
<use figure/jittering-1.pdf>
[35] [36]
File: figure/unnamed-chunk-42-1.pdf Graphic file (type pdf)
<use figure/unnamed-chunk-42-1.pdf>
File: figure/rightcolor-1.pdf Graphic file (type pdf)
<use figure/rightcolor-1.pdf>
File: figure/wrongcolor-1.pdf Graphic file (type pdf)
<use figure/wrongcolor-1.pdf>
[37] [38]
File: figure/varcolor-1.pdf Graphic file (type pdf)
<use figure/varcolor-1.pdf>
File: figure/varcolor2-1.pdf Graphic file (type pdf)
<use figure/varcolor2-1.pdf>
[39]
File: figure/shapeplot-1.pdf Graphic file (type pdf)
<use figure/shapeplot-1.pdf>
File: figure/shapeplot2-1.pdf Graphic file (type pdf)
<use figure/shapeplot2-1.pdf>
File: figure/shapecolorplot-1.pdf Graphic file (type pdf)
<use figure/shapecolorplot-1.pdf>
[40] [41]
File: figure/sizeplot-1.pdf Graphic file (type pdf)
<use figure/sizeplot-1.pdf>
[42]
File: figure/badplot-1.pdf Graphic file (type pdf)
<use figure/badplot-1.pdf>
File: figure/exodiamonds-1.pdf Graphic file (type pdf)
<use figure/exodiamonds-1.pdf>
[43] [44]
File: figure/linegraph-1.pdf Graphic file (type pdf)
<use figure/linegraph-1.pdf>
[45]
File: figure/lineplotgraph-1.pdf Graphic file (type pdf)
<use figure/lineplotgraph-1.pdf>

Overfull \vbox (0.69846pt too high) detected at line 2312
 []

[46]
File: figure/linecolor-1.pdf Graphic file (type pdf)
<use figure/linecolor-1.pdf>
File: figure/linetype-1.pdf Graphic file (type pdf)
<use figure/linetype-1.pdf>
File: figure/linetypecolor-1.pdf Graphic file (type pdf)
<use figure/linetypecolor-1.pdf>
[47] [48]
File: figure/lineplotgraph2-1.pdf Graphic file (type pdf)
<use figure/lineplotgraph2-1.pdf>
File: figure/wind-1.pdf Graphic file (type pdf)
<use figure/wind-1.pdf>
File: figure/wind2-1.pdf Graphic file (type pdf)
<use figure/wind2-1.pdf>
File: figure/wind3-1.pdf Graphic file (type pdf)
<use figure/wind3-1.pdf>
File: figure/wind4-1.pdf Graphic file (type pdf)
<use figure/wind4-1.pdf>
[49] [50] [51]
File: figure/unnamed-chunk-47-1.pdf Graphic file (type pdf)
<use figure/unnamed-chunk-47-1.pdf>
[52]
File: figure/unnamed-chunk-48-1.pdf Graphic file (type pdf)
<use figure/unnamed-chunk-48-1.pdf>
File: figure/unnamed-chunk-49-1.pdf Graphic file (type pdf)
<use figure/unnamed-chunk-49-1.pdf>
[53]
File: figure/rughist-1.pdf Graphic file (type pdf)
<use figure/rughist-1.pdf>
[54]
File: figure/unnamed-chunk-50-1.pdf Graphic file (type pdf)
<use figure/unnamed-chunk-50-1.pdf>
File: figure/irregclasses-1.pdf Graphic file (type pdf)
<use figure/irregclasses-1.pdf>
[55]
File: figure/break-1.pdf Graphic file (type pdf)
<use figure/break-1.pdf>
[56]
File: figure/density-1.pdf Graphic file (type pdf)
<use figure/density-1.pdf>
File: figure/densitynarrow-1.pdf Graphic file (type pdf)
<use figure/densitynarrow-1.pdf>
File: figure/densitywide-1.pdf Graphic file (type pdf)
<use figure/densitywide-1.pdf>
[57] [58]
File: figure/unnamed-chunk-52-1.pdf Graphic file (type pdf)
<use figure/unnamed-chunk-52-1.pdf>
File: figure/wrap-1.pdf Graphic file (type pdf)
<use figure/wrap-1.pdf>
File: figure/grid-1.pdf Graphic file (type pdf)
<use figure/grid-1.pdf>
[59] [60] [61]
File: figure/unnamed-chunk-53-1.pdf Graphic file (type pdf)
<use figure/unnamed-chunk-53-1.pdf>
[62]
File: figure/unnamed-chunk-54-1.pdf Graphic file (type pdf)
<use figure/unnamed-chunk-54-1.pdf>
[63]
File: figure/notchedboxplot-1.pdf Graphic file (type pdf)
<use figure/notchedboxplot-1.pdf>
[64]
File: figure/compboxplot-1.pdf Graphic file (type pdf)
<use figure/compboxplot-1.pdf>
[65] [66]
File: figure/barplot-1.pdf Graphic file (type pdf)
<use figure/barplot-1.pdf>
File: figure/barplotcol-1.pdf Graphic file (type pdf)
<use figure/barplotcol-1.pdf>
[67] [68]
File: figure/bpcarrier-1.pdf Graphic file (type pdf)
<use figure/bpcarrier-1.pdf>
[69]
File: figure/bpcarriersorted-1.pdf Graphic file (type pdf)
<use figure/bpcarriersorted-1.pdf>
[70]
File: figure/bpcarriercol-1.pdf Graphic file (type pdf)
<use figure/bpcarriercol-1.pdf>
[71]
File: figure/bpcarriersortedcol-1.pdf Graphic file (type pdf)
<use figure/bpcarriersortedcol-1.pdf>
[72]
File: figure/piechart-1.pdf Graphic file (type pdf)
<use figure/piechart-1.pdf>
[73]
File: figure/stacked-1.pdf Graphic file (type pdf)
<use figure/stacked-1.pdf>
File: figure/stacked2-1.pdf Graphic file (type pdf)
<use figure/stacked2-1.pdf>
[74]
File: figure/dodge-1.pdf Graphic file (type pdf)
<use figure/dodge-1.pdf>
File: figure/barfacet-1.pdf Graphic file (type pdf)
<use figure/barfacet-1.pdf>
[75] [76]
File: figure/varcolorlabel-1.pdf Graphic file (type pdf)
<use figure/varcolorlabel-1.pdf>
[77]
File: figure/varcolorlabel2-1.pdf Graphic file (type pdf)
<use figure/varcolorlabel2-1.pdf>
[78]
File: figure/barfacetbis-1.pdf Graphic file (type pdf)
<use figure/barfacetbis-1.pdf>
File: figure/barfacetgray-1.pdf Graphic file (type pdf)
<use figure/barfacetgray-1.pdf>
File: images/brewer.png Graphic file (type bmp)
<images/brewer.png>
[79] [80] [81]
File: figure/barfacetbrewer-1.pdf Graphic file (type pdf)
<use figure/barfacetbrewer-1.pdf>
File: figure/barfacetviridis-1.pdf Graphic file (type pdf)
<use figure/barfacetviridis-1.pdf>
[82] [83] [84] [85] [86] [87] [88] [89] [90] [91]
File: figure/barfacetmanual-1.pdf Graphic file (type pdf)
<use figure/barfacetmanual-1.pdf>
File: figure/barfacethex-1.pdf Graphic file (type pdf)
<use figure/barfacethex-1.pdf>
[92] [93] [94]
File: figure/varcolorviridis-1.pdf Graphic file (type pdf)
<use figure/varcolorviridis-1.pdf>
File: figure/varcolorviridis2-1.pdf Graphic file (type pdf)
<use figure/varcolorviridis2-1.pdf>
[95]
File: figure/theme1-1.pdf Graphic file (type pdf)
<use figure/theme1-1.pdf>
[96] [97]
File: figure/themebw-1.pdf Graphic file (type pdf)
<use figure/themebw-1.pdf>
[98]
File: figure/thememinimal-1.pdf Graphic file (type pdf)
<use figure/thememinimal-1.pdf>
[99]
File: figure/themefont-1.pdf Graphic file (type pdf)
<use figure/themefont-1.pdf>
[100]
File: figure/exercice-1.pdf Graphic file (type pdf)
<use figure/exercice-1.pdf>
File: figure/exercice2-1.pdf Graphic file (type pdf)
<use figure/exercice2-1.pdf>
[101] [102] [103]
File: images/tidy.png Graphic file (type bmp)
<images/tidy.png>
[104]
File: images/gather.png Graphic file (type bmp)
<images/gather.png>
[105] [106]
File: figure/casesbarplot-1.pdf Graphic file (type pdf)
<use figure/casesbarplot-1.pdf>
[107] [108] [109] [110] [111] [112] [113] [114] [115]
File: images/import.png Graphic file (type bmp)
<images/import.png>
File: images/import2.png Graphic file (type bmp)
<images/import2.png>
File: images/import3.png Graphic file (type bmp)
<images/import3.png>
[116] [117] [118] [119]
File: images/importcsv1.png Graphic file (type bmp)
<images/importcsv1.png>
File: images/importcsv2.png Graphic file (type bmp)
<images/importcsv2.png>
[120]
File: images/importcsv3.png Graphic file (type bmp)
<images/importcsv3.png>
File: images/importcsv4.png Graphic file (type bmp)
<images/importcsv4.png>
[121] [122] [123]
File: figure/exercicedauphin-1.pdf Graphic file (type pdf)
<use figure/exercicedauphin-1.pdf>
[124] [125] [126]
File: figure/unnamed-chunk-93-1.pdf Graphic file (type pdf)
<use figure/unnamed-chunk-93-1.pdf>
[127] [128]
File: images/filter.png Graphic file (type bmp)
<images/filter.png>
[129] [130] [131] [132] [133]
File: images/summarizearrow.png Graphic file (type bmp)
<images/summarizearrow.png>
File: images/summarize.png Graphic file (type bmp)
<images/summarize.png>
[134]
File: images/groupby.png Graphic file (type bmp)
<images/groupby.png>
[135] [136] [137]
File: figure/errorbars-1.pdf Graphic file (type pdf)
<use figure/errorbars-1.pdf>

Underfull \hbox (badness 2799) in paragraph at lines 5938--5940
\TU/FuturaLT-Book.ttf(0)/m/sc/10 variables \TU/FiraCode-Regular.ttf(0)/b/n/10 m
oyenne \TU/FuturaLT-Book.ttf(0)/m/sc/10 et \TU/FiraCode-Regular.ttf(0)/b/n/10 e
rreur_std \TU/FuturaLT-Book.ttf(0)/m/sc/10 faisant partie du tableau \TU/FiraCo
de-Regular.ttf(0)/b/n/10 monthly_temp\TU/FuturaLT-Book.ttf(0)/m/sc/10 ,
 []

[138]
File: figure/errorbars2-1.pdf Graphic file (type pdf)
<use figure/errorbars2-1.pdf>
[139]
Overfull \hbox (76.19884pt too wide) in paragraph at lines 5987--5987
[][]\TU/FiraCode-Regular.ttf(0)/b/n/10 summarise()[] has grouped output by []or
igin[]. You can override using the [].groups[] argument.[] 
 []


Overfull \vbox (1.48137pt too high) detected at line 6033
 []

[140]
File: figure/errorbars3-1.pdf Graphic file (type pdf)
<use figure/errorbars3-1.pdf>
File: figure/errorbars4-1.pdf Graphic file (type pdf)
<use figure/errorbars4-1.pdf>
[141] [142]
Overfull \hbox (76.19884pt too wide) in paragraph at lines 6124--6124
[][]\TU/FiraCode-Regular.ttf(0)/b/n/10 summarise()[] has grouped output by []or
igin[]. You can override using the [].groups[] argument.[] 
 []

[143] [144]
Overfull \hbox (76.19884pt too wide) in paragraph at lines 6218--6218
[][]\TU/FiraCode-Regular.ttf(0)/b/n/10 summarise()[] has grouped output by []or
igin[]. You can override using the [].groups[] argument.[] 
 []

[145]
Overfull \hbox (76.19884pt too wide) in paragraph at lines 6277--6277
[][]\TU/FiraCode-Regular.ttf(0)/b/n/10 summarise()[] has grouped output by []or
igin[]. You can override using the [].groups[] argument.[] 
 []


Overfull \hbox (76.19884pt too wide) in paragraph at lines 6307--6307
[][]\TU/FiraCode-Regular.ttf(0)/b/n/10 summarise()[] has grouped output by []or
igin[]. You can override using the [].groups[] argument.[] 
 []

[146]
File: figure/windspeed-1.pdf Graphic file (type pdf)
<use figure/windspeed-1.pdf>
File: images/select.png Graphic file (type bmp)
<images/select.png>
[147] [148] [149] [150]
File: images/mutate.png Graphic file (type bmp)
<images/mutate.png>
[151]
Underfull \hbox (badness 2111) in paragraph at lines 6600--6601
[]\TU/FuturaLT-Book.ttf(0)/m/sc/10 Voyons un exemple. Nous commenons par crer
 un nouveau jeu de donnes
 []

[152] [153] [154]
File: figure/unnamed-chunk-137-1.pdf Graphic file (type pdf)
<use figure/unnamed-chunk-137-1.pdf>
[155]
File: figure/unnamed-chunk-140-1.pdf Graphic file (type pdf)
<use figure/unnamed-chunk-140-1.pdf>
[156] [157] [158] [159] [160]
File: figure/consommation-1.pdf Graphic file (type pdf)
<use figure/consommation-1.pdf>
[161]
File: figure/consommation2-1.pdf Graphic file (type pdf)
<use figure/consommation2-1.pdf>
File: images/arrange.png Graphic file (type bmp)
<images/arrange.png>
[162] [163] [164] [165]
File: images/innerjoin.png Graphic file (type bmp)
<images/innerjoin.png>
[166] [167]
File: images/leftjoin.png Graphic file (type bmp)
<images/leftjoin.png>
[168] [169] [170] [171] [172] [173]
Package atveryend Info: Empty hook `BeforeClearDocument' on input line 7835.
[174]
Package atveryend Info: Empty hook `AfterLastShipout' on input line 7835.
(./Data-Analysis.aux)
Package atveryend Info: Empty hook `AtVeryEndDocument' on input line 7835.
Package atveryend Info: Empty hook `AtEndAfterFileList' on input line 7835.

LaTeX Font Warning: Some font shapes were not available, defaults substituted.

 )
(\end occurred inside a group at level 1)

### semi simple group (level 1) entered at line 136 (\begingroup)
### bottom level 
Here is how much of TeX's memory you used:
 23466 strings out of 479418
 417878 string characters out of 5884586
 911927 words of memory out of 5000000
 40541 multiletter control sequences out of 15000+600000
 536325 words of font info for 67 fonts, out of 8000000 for 9000
 1348 hyphenation exceptions out of 8191
 59i,9n,121p,1684b,8498s stack positions out of 5000i,500n,10000p,200000b,80000s

Output written on Data-Analysis.pdf (174 pages).
